<?xml version="1.0" encoding="UTF-8"?>
<!-- Generated by org.testng.reporters.JUnitReportReporter -->
<testsuite hostname="LAPTOP-6J0MQ7T8" failures="0" tests="2" name="ui.testClass" time="7.232" errors="0" timestamp="2024-02-18T19:47:58 IST" skipped="1">
  <testcase classname="ui.testClass" name="FileUpload" time="7.232"/>
  <testcase classname="ui.testClass" name="TestOne">
    <skipped/>
  </testcase> <!-- TestOne -->
</testsuite> <!-- ui.testClass -->
